[2018-07-12 07:13:00.675] [exthost1] [info] extension host started
[2018-07-12 07:13:00.700] [exthost1] [info] ExtensionService#_doActivateExtension vscode.emmet {"startup":true,"activationEvent":"*"}
[2018-07-12 07:13:00.700] [exthost1] [info] ExtensionService#loadCommonJSModule /usr/share/code-oss/resources/app/extensions/emmet/out/extension
[2018-07-12 07:13:00.757] [exthost1] [info] ExtensionService#_doActivateExtension vscode.git {"startup":true,"activationEvent":"*"}
[2018-07-12 07:13:00.757] [exthost1] [info] ExtensionService#loadCommonJSModule /usr/share/code-oss/resources/app/extensions/git/out/main
[2018-07-12 07:13:00.889] [exthost1] [info] ExtensionService#_doActivateExtension vscode.merge-conflict {"startup":true,"activationEvent":"*"}
[2018-07-12 07:13:00.889] [exthost1] [info] ExtensionService#loadCommonJSModule /usr/share/code-oss/resources/app/extensions/merge-conflict/out/extension
[2018-07-12 07:13:00.900] [exthost1] [info] ExtensionService#_doActivateExtension vscode.search-rg {"startup":true,"activationEvent":"*"}
[2018-07-12 07:13:00.900] [exthost1] [info] ExtensionService#loadCommonJSModule /usr/share/code-oss/resources/app/extensions/search-rg/out/extension
[2018-07-12 07:13:00.906] [exthost1] [info] ExtensionService#_doActivateExtension alexiv.vscode-angular2-files {"startup":true,"activationEvent":"*"}
[2018-07-12 07:13:00.906] [exthost1] [info] ExtensionService#loadCommonJSModule /home/dbqeo/.vscode-oss/extensions/alexiv.vscode-angular2-files-1.6.1/out/src/extension
[2018-07-12 07:13:00.920] [exthost1] [info] ExtensionService#_doActivateExtension christian-kohler.path-intellisense {"startup":true,"activationEvent":"*"}
[2018-07-12 07:13:00.920] [exthost1] [info] ExtensionService#loadCommonJSModule /home/dbqeo/.vscode-oss/extensions/christian-kohler.path-intellisense-1.4.2/out/src/extension
[2018-07-12 07:13:00.928] [exthost1] [info] ExtensionService#_doActivateExtension CoenraadS.bracket-pair-colorizer {"startup":true,"activationEvent":"*"}
[2018-07-12 07:13:00.928] [exthost1] [info] ExtensionService#loadCommonJSModule /home/dbqeo/.vscode-oss/extensions/coenraads.bracket-pair-colorizer-1.0.59/out/src/extension
[2018-07-12 07:13:00.940] [exthost1] [info] ExtensionService#_doActivateExtension dbaeumer.vscode-eslint {"startup":true,"activationEvent":"*"}
[2018-07-12 07:13:00.940] [exthost1] [info] ExtensionService#loadCommonJSModule /home/dbqeo/.vscode-oss/extensions/dbaeumer.vscode-eslint-1.4.12/client/out/extension
[2018-07-12 07:13:00.984] [exthost1] [info] ExtensionService#_doActivateExtension ms-vscode.atom-keybindings {"startup":true,"activationEvent":"*"}
[2018-07-12 07:13:00.984] [exthost1] [info] ExtensionService#loadCommonJSModule /home/dbqeo/.vscode-oss/extensions/ms-vscode.atom-keybindings-3.0.4/extension
[2018-07-12 07:13:00.985] [exthost1] [info] ExtensionService#_doActivateExtension ms-vsliveshare.vsliveshare {"startup":true,"activationEvent":"*"}
[2018-07-12 07:13:00.985] [exthost1] [info] ExtensionService#loadCommonJSModule /home/dbqeo/.vscode-oss/extensions/ms-vsliveshare.vsliveshare-0.3.395/out/src/extension
[2018-07-12 07:13:01.372] [exthost1] [info] ExtensionService#_doActivateExtension PKief.material-icon-theme {"startup":true,"activationEvent":"*"}
[2018-07-12 07:13:01.372] [exthost1] [info] ExtensionService#loadCommonJSModule /home/dbqeo/.vscode-oss/extensions/pkief.material-icon-theme-3.5.1/out/src/extension
[2018-07-12 07:13:01.402] [exthost1] [info] ExtensionService#_doActivateExtension Zignd.html-css-class-completion {"startup":true,"activationEvent":"*"}
[2018-07-12 07:13:01.402] [exthost1] [info] ExtensionService#loadCommonJSModule /home/dbqeo/.vscode-oss/extensions/zignd.html-css-class-completion-1.17.1/out/src/extension
[2018-07-12 07:13:01.653] [exthost1] [info] eager extensions activated
[2018-07-12 07:19:35.030] [exthost1] [info] extension host started
[2018-07-12 07:19:35.055] [exthost1] [info] ExtensionService#_doActivateExtension vscode.emmet {"startup":true,"activationEvent":"*"}
[2018-07-12 07:19:35.055] [exthost1] [info] ExtensionService#loadCommonJSModule /usr/share/code-oss/resources/app/extensions/emmet/out/extension
[2018-07-12 07:19:35.102] [exthost1] [info] ExtensionService#_doActivateExtension vscode.git {"startup":true,"activationEvent":"*"}
[2018-07-12 07:19:35.103] [exthost1] [info] ExtensionService#loadCommonJSModule /usr/share/code-oss/resources/app/extensions/git/out/main
[2018-07-12 07:19:35.235] [exthost1] [info] ExtensionService#_doActivateExtension vscode.merge-conflict {"startup":true,"activationEvent":"*"}
[2018-07-12 07:19:35.235] [exthost1] [info] ExtensionService#loadCommonJSModule /usr/share/code-oss/resources/app/extensions/merge-conflict/out/extension
[2018-07-12 07:19:35.247] [exthost1] [info] ExtensionService#_doActivateExtension vscode.search-rg {"startup":true,"activationEvent":"*"}
[2018-07-12 07:19:35.247] [exthost1] [info] ExtensionService#loadCommonJSModule /usr/share/code-oss/resources/app/extensions/search-rg/out/extension
[2018-07-12 07:19:35.253] [exthost1] [info] ExtensionService#_doActivateExtension alexiv.vscode-angular2-files {"startup":true,"activationEvent":"*"}
[2018-07-12 07:19:35.253] [exthost1] [info] ExtensionService#loadCommonJSModule /home/dbqeo/.vscode-oss/extensions/alexiv.vscode-angular2-files-1.6.1/out/src/extension
[2018-07-12 07:19:35.268] [exthost1] [info] ExtensionService#_doActivateExtension christian-kohler.path-intellisense {"startup":true,"activationEvent":"*"}
[2018-07-12 07:19:35.268] [exthost1] [info] ExtensionService#loadCommonJSModule /home/dbqeo/.vscode-oss/extensions/christian-kohler.path-intellisense-1.4.2/out/src/extension
[2018-07-12 07:19:35.277] [exthost1] [info] ExtensionService#_doActivateExtension CoenraadS.bracket-pair-colorizer {"startup":true,"activationEvent":"*"}
[2018-07-12 07:19:35.277] [exthost1] [info] ExtensionService#loadCommonJSModule /home/dbqeo/.vscode-oss/extensions/coenraads.bracket-pair-colorizer-1.0.59/out/src/extension
[2018-07-12 07:19:35.289] [exthost1] [info] ExtensionService#_doActivateExtension dbaeumer.vscode-eslint {"startup":true,"activationEvent":"*"}
[2018-07-12 07:19:35.289] [exthost1] [info] ExtensionService#loadCommonJSModule /home/dbqeo/.vscode-oss/extensions/dbaeumer.vscode-eslint-1.4.12/client/out/extension
[2018-07-12 07:19:35.333] [exthost1] [info] ExtensionService#_doActivateExtension ms-vscode.atom-keybindings {"startup":true,"activationEvent":"*"}
[2018-07-12 07:19:35.333] [exthost1] [info] ExtensionService#loadCommonJSModule /home/dbqeo/.vscode-oss/extensions/ms-vscode.atom-keybindings-3.0.4/extension
[2018-07-12 07:19:35.334] [exthost1] [info] ExtensionService#_doActivateExtension ms-vsliveshare.vsliveshare {"startup":true,"activationEvent":"*"}
[2018-07-12 07:19:35.334] [exthost1] [info] ExtensionService#loadCommonJSModule /home/dbqeo/.vscode-oss/extensions/ms-vsliveshare.vsliveshare-0.3.395/out/src/extension
[2018-07-12 07:19:35.704] [exthost1] [info] ExtensionService#_doActivateExtension PKief.material-icon-theme {"startup":true,"activationEvent":"*"}
[2018-07-12 07:19:35.704] [exthost1] [info] ExtensionService#loadCommonJSModule /home/dbqeo/.vscode-oss/extensions/pkief.material-icon-theme-3.5.1/out/src/extension
[2018-07-12 07:19:35.734] [exthost1] [info] ExtensionService#_doActivateExtension Zignd.html-css-class-completion {"startup":true,"activationEvent":"*"}
[2018-07-12 07:19:35.734] [exthost1] [info] ExtensionService#loadCommonJSModule /home/dbqeo/.vscode-oss/extensions/zignd.html-css-class-completion-1.17.1/out/src/extension
[2018-07-12 07:19:37.880] [exthost1] [info] eager extensions activated
