Usage: polybar [OPTION]... BAR

  -h, --help               Display this help and exit
  -v, --version            Display build details and exit
  -l, --log=LEVEL          Set the logging verbosity (default: WARNING)
                           LEVEL is one of: error, warning, info, trace
  -q, --quiet              Be quiet (will override -l)
  -c, --config=FILE        Path to the configuration file
  -r, --reload             Reload when the configuration has been modified
  -d, --dump=PARAM         Print value of PARAM in bar section and exit
  -m, --list-monitors      Print list of available monitors and exit
  -w, --print-wmname       Print the generated WM_NAME and exit
  -s, --stdout             Output data to stdout instead of drawing it to the X window
  -p, --png=FILE           Save png snapshot to FILE after running for 3 seconds

Gdk-Message: 23:16:24.110: opensnap: Fatal IO error 11 (Resource temporarily unavailable) on X server :0.

glx_bind_pixmap(0x01608eb7): Failed to query Pixmap info.
win_paint_win(0x004002b5): Failed to bind texture. Expect troubles.
win_paint_win(0x004002b5): Missing painting data. This is a bad sign.
glx_bind_pixmap(0x01608ee1): Failed to query Pixmap info.
win_paint_win(0x00400cfb): Failed to bind texture. Expect troubles.
win_paint_win(0x00400cfb): Missing painting data. This is a bad sign.
glx_bind_pixmap(0x01612bd0): Failed to query Pixmap info.
win_paint_win(0x004002b5): Failed to bind texture. Expect troubles.
win_paint_win(0x004002b5): Missing painting data. This is a bad sign.
glx_bind_pixmap(0x01612bda): Failed to query Pixmap info.
win_paint_win(0x00400cfb): Failed to bind texture. Expect troubles.
win_paint_win(0x00400cfb): Missing painting data. This is a bad sign.
glx_bind_pixmap(0x01612ffd): Failed to query Pixmap info.
win_paint_win(0x004002b5): Failed to bind texture. Expect troubles.
win_paint_win(0x004002b5): Missing painting data. This is a bad sign.
glx_bind_pixmap(0x01613028): Failed to query Pixmap info.
win_paint_win(0x00400cfb): Failed to bind texture. Expect troubles.
win_paint_win(0x00400cfb): Missing painting data. This is a bad sign.
glx_bind_pixmap(0x01625f3f): Failed to query Pixmap info.
win_paint_win(0x0400004d): Failed to bind texture. Expect troubles.
win_paint_win(0x0400004d): Missing painting data. This is a bad sign.
glx_bind_pixmap(0x0162a8ea): Failed to query Pixmap info.
win_paint_win(0x004002b5): Failed to bind texture. Expect troubles.
win_paint_win(0x004002b5): Missing painting data. This is a bad sign.
glx_bind_pixmap(0x0162a915): Failed to query Pixmap info.
win_paint_win(0x00400cfb): Failed to bind texture. Expect troubles.
win_paint_win(0x00400cfb): Missing painting data. This is a bad sign.
glx_bind_pixmap(0x016405e5): Failed to query Pixmap info.
win_paint_win(0x04000157): Failed to bind texture. Expect troubles.
win_paint_win(0x04000157): Missing painting data. This is a bad sign.
glx_bind_pixmap(0x01641593): Failed to query Pixmap info.
win_paint_win(0x04000157): Failed to bind texture. Expect troubles.
win_paint_win(0x04000157): Missing painting data. This is a bad sign.
glx_bind_pixmap(0x0164494b): Failed to query Pixmap info.
win_paint_win(0x04000157): Failed to bind texture. Expect troubles.
win_paint_win(0x04000157): Missing painting data. This is a bad sign.
[   250.06 ] error    9 BadDrawable  request   14 minor    0 serial 256349: "BadDrawable (invalid Pixmap or Window parameter)"
[   250.07 ] error    4 BadPixmap    request   54 minor    0 serial 256405: "BadPixmap (invalid Pixmap parameter)"
[   250.08 ] error    9 BadDrawable  request   14 minor    0 serial 256533: "BadDrawable (invalid Pixmap or Window parameter)"
[   250.08 ] error    4 BadPixmap    request   54 minor    0 serial 256547: "BadPixmap (invalid Pixmap parameter)"
[   378.95 ] error    9 BadDrawable  request   14 minor    0 serial 546451: "BadDrawable (invalid Pixmap or Window parameter)"
[   378.95 ] error    9 BadDrawable  request   14 minor    0 serial 546482: "BadDrawable (invalid Pixmap or Window parameter)"
[   378.95 ] error    4 BadPixmap    request   54 minor    0 serial 546495: "BadPixmap (invalid Pixmap parameter)"
[   378.95 ] error    4 BadPixmap    request   54 minor    0 serial 546513: "BadPixmap (invalid Pixmap parameter)"
[   382.00 ] error    9 BadDrawable  request   14 minor    0 serial 551294: "BadDrawable (invalid Pixmap or Window parameter)"
[   382.00 ] error    4 BadPixmap    request   54 minor    0 serial 551348: "BadPixmap (invalid Pixmap parameter)"
[   382.02 ] error    9 BadDrawable  request   14 minor    0 serial 551483: "BadDrawable (invalid Pixmap or Window parameter)"
[   382.02 ] error    4 BadPixmap    request   54 minor    0 serial 551496: "BadPixmap (invalid Pixmap parameter)"
[   711.04 ] error    9 BadDrawable  request   14 minor    0 serial 1150633: "BadDrawable (invalid Pixmap or Window parameter)"
[   711.04 ] error    9 BadDrawable  request   14 minor    0 serial 1150643: "BadDrawable (invalid Pixmap or Window parameter)"
[   711.04 ] error    4 BadPixmap    request   54 minor    0 serial 1150644: "BadPixmap (invalid Pixmap parameter)"
[   787.03 ] error    3 BadWindow    request  138 minor    7 serial 1257978: "BadWindow (invalid Window parameter)"
[   787.03 ] error  140 BadRegion    request  138 minor   17 serial 1257979: "BadRegion (invalid Region parameter)"
[   787.03 ] error  140 BadRegion    request  138 minor   14 serial 1257980: "BadRegion (invalid Region parameter)"
[   787.03 ] error  140 BadRegion    request  138 minor   10 serial 1257981: "BadRegion (invalid Region parameter)"
[   787.03 ] error    3 BadWindow    request  129 minor    5 serial 1257986: "BadWindow (invalid Window parameter)"
[   787.03 ] error    3 BadWindow    request   20 minor    0 serial 1257987: "BadWindow (invalid Window parameter)"
[   787.03 ] error    3 BadWindow    request   20 minor    0 serial 1257988: "BadWindow (invalid Window parameter)"
[   822.16 ] error    9 BadDrawable  request   14 minor    0 serial 1287672: "BadDrawable (invalid Pixmap or Window parameter)"
[   822.16 ] error    4 BadPixmap    request   54 minor    0 serial 1287726: "BadPixmap (invalid Pixmap parameter)"
[   822.18 ] error    9 BadDrawable  request   14 minor    0 serial 1287861: "BadDrawable (invalid Pixmap or Window parameter)"
[   822.18 ] error    4 BadPixmap    request   54 minor    0 serial 1287874: "BadPixmap (invalid Pixmap parameter)"
[  1339.74 ] error    9 BadDrawable  request   14 minor    0 serial 1904102: "BadDrawable (invalid Pixmap or Window parameter)"
[  1339.74 ] error    9 BadDrawable  request   14 minor    0 serial 1904109: "BadDrawable (invalid Pixmap or Window parameter)"
[  1339.74 ] error    4 BadPixmap    request   54 minor    0 serial 1904110: "BadPixmap (invalid Pixmap parameter)"
[  1368.74 ] error    9 BadDrawable  request   14 minor    0 serial 1933402: "BadDrawable (invalid Pixmap or Window parameter)"
[  1368.74 ] error    9 BadDrawable  request   14 minor    0 serial 1933409: "BadDrawable (invalid Pixmap or Window parameter)"
[  1368.74 ] error    4 BadPixmap    request   54 minor    0 serial 1933410: "BadPixmap (invalid Pixmap parameter)"
[  1462.19 ] error    9 BadDrawable  request   14 minor    0 serial 2029022: "BadDrawable (invalid Pixmap or Window parameter)"
[  1462.19 ] error    9 BadDrawable  request   14 minor    0 serial 2029032: "BadDrawable (invalid Pglx_bind_pixmap(0x01644d59): Failed to query Pixmap info.
win_paint_win(0x02400145): Failed to bind texture. Expect troubles.
win_paint_win(0x02400145): Missing painting data. This is a bad sign.
glx_bind_pixmap(0x0164f20d): Failed to query Pixmap info.
win_paint_win(0x02400145): Failed to bind texture. Expect troubles.
win_paint_win(0x02400145): Missing painting data. This is a bad sign.
glx_bind_pixmap(0x01653662): Failed to query Pixmap info.
win_paint_win(0x02400145): Failed to bind texture. Expect troubles.
win_paint_win(0x02400145): Missing painting data. This is a bad sign.
restack_win(0x02200007, 0x02200021): Failed to found new above window.
glx_bind_pixmap(0x0167c680): Failed to query Pixmap info.
win_paint_win(0x004562bb): Failed to bind texture. Expect troubles.
win_paint_win(0x004562bb): Missing painting data. This is a bad sign.
