[Modules] Modules initializing
[Modules] Distribution: remote
[Modules] Host updates: enabled
[Modules] Module updates: enabled
[Modules] Module install path: /home/dbqeo/.config/discord/0.0.5/modules
[Modules] Module installed file path: /home/dbqeo/.config/discord/0.0.5/modules/installed.json
[Modules] Module download path: /home/dbqeo/.config/discord/0.0.5/modules/pending
[Modules] Bootstrapping...
[Modules] Installing discord_desktop_core@1 from /opt/discord/resources/bootstrap/discord_desktop_core.zip
[Modules] Installing discord_erlpack@1 from /opt/discord/resources/bootstrap/discord_erlpack.zip
[Modules] Installing discord_game_utils@1 from /opt/discord/resources/bootstrap/discord_game_utils.zip
[Modules] Installing discord_rpc@1 from /opt/discord/resources/bootstrap/discord_rpc.zip
[Modules] Installing discord_spellcheck@1 from /opt/discord/resources/bootstrap/discord_spellcheck.zip
[Modules] Installing discord_utils@1 from /opt/discord/resources/bootstrap/discord_utils.zip
[Modules] Installing discord_voice@1 from /opt/discord/resources/bootstrap/discord_voice.zip
[Modules] Finished module installations. [success: 7] [failure: 0]
[Modules] Checking for host updates.
[Modules] Host is up to date.
[Modules] Checking for module updates at https://discordapp.com/api/modules/stable/versions.json
[Modules] No module updates available.
[Modules] Modules initializing
[Modules] Distribution: remote
[Modules] Host updates: enabled
[Modules] Module updates: enabled
[Modules] Module install path: /home/dbqeo/.config/discord/0.0.5/modules
[Modules] Module installed file path: /home/dbqeo/.config/discord/0.0.5/modules/installed.json
[Modules] Module download path: /home/dbqeo/.config/discord/0.0.5/modules/pending
[Modules] No updates to install
[Modules] Checking for host updates.
[Modules] Host is up to date.
[Modules] Checking for module updates at https://discordapp.com/api/modules/stable/versions.json
[Modules] No module updates available.
[Modules] Checking for host updates.
[Modules] Host is up to date.
[Modules] Checking for module updates at https://discordapp.com/api/modules/stable/versions.json
[Modules] No module updates available.
[Modules] Modules initializing
[Modules] Distribution: remote
[Modules] Host updates: enabled
[Modules] Module updates: enabled
[Modules] Module install path: /home/dbqeo/.config/discord/0.0.5/modules
[Modules] Module installed file path: /home/dbqeo/.config/discord/0.0.5/modules/installed.json
[Modules] Module download path: /home/dbqeo/.config/discord/0.0.5/modules/pending
[Modules] No updates to install
[Modules] Checking for host updates.
[Modules] Host is up to date.
[Modules] Checking for module updates at https://discordapp.com/api/modules/stable/versions.json
[Modules] Module update available: discord_voice@2 [installed: 1]
[Modules] Fetching discord_voice@2 from https://discordapp.com/api/modules/stable/discord_voice/2
[Modules] Streaming discord_voice@2 [7413524 bytes] to /home/dbqeo/.config/discord/0.0.5/modules/pending/discord_voice-2.zip
[Modules] Finished module downloads. [success: 1] [failure: 0]
[Modules] Relaunching to install module updates...
[Modules] Modules initializing
[Modules] Distribution: remote
[Modules] Host updates: enabled
[Modules] Module updates: enabled
[Modules] Module install path: /home/dbqeo/.config/discord/0.0.5/modules
[Modules] Module installed file path: /home/dbqeo/.config/discord/0.0.5/modules/installed.json
[Modules] Module download path: /home/dbqeo/.config/discord/0.0.5/modules/pending
[Modules] Installing updates...
[Modules] Installing discord_voice@2 from /home/dbqeo/.config/discord/0.0.5/modules/pending/discord_voice-2.zip
[Modules] Finished module installations. [success: 1] [failure: 0]
[Modules] Checking for host updates.
[Modules] Host is up to date.
[Modules] Checking for module updates at https://discordapp.com/api/modules/stable/versions.json
[Modules] No module updates available.
[Modules] Checking for host updates.
[Modules] Host is up to date.
[Modules] Checking for module updates at https://discordapp.com/api/modules/stable/versions.json
[Modules] No module updates available.
[Modules] Modules initializing
[Modules] Distribution: remote
[Modules] Host updates: enabled
[Modules] Module updates: enabled
[Modules] Module install path: /home/dbqeo/.config/discord/0.0.5/modules
[Modules] Module installed file path: /home/dbqeo/.config/discord/0.0.5/modules/installed.json
[Modules] Module download path: /home/dbqeo/.config/discord/0.0.5/modules/pending
[Modules] No updates to install
[Modules] Checking for host updates.
[Modules] Host is up to date.
[Modules] Checking for module updates at https://discordapp.com/api/modules/stable/versions.json
[Modules] No module updates available.
[Modules] Modules initializing
[Modules] Distribution: remote
[Modules] Host updates: enabled
[Modules] Module updates: enabled
[Modules] Module install path: /home/dbqeo/.config/discord/0.0.5/modules
[Modules] Module installed file path: /home/dbqeo/.config/discord/0.0.5/modules/installed.json
[Modules] Module download path: /home/dbqeo/.config/discord/0.0.5/modules/pending
[Modules] No updates to install
[Modules] Checking for host updates.
[Modules] Host is up to date.
[Modules] Checking for module updates at https://discordapp.com/api/modules/stable/versions.json
[Modules] No module updates available.
[Modules] Modules initializing
[Modules] Distribution: remote
[Modules] Host updates: enabled
[Modules] Module updates: enabled
[Modules] Module install path: /home/dbqeo/.config/discord/0.0.5/modules
[Modules] Module installed file path: /home/dbqeo/.config/discord/0.0.5/modules/installed.json
[Modules] Module download path: /home/dbqeo/.config/discord/0.0.5/modules/pending
[Modules] No updates to install
[Modules] Checking for host updates.
[Modules] Host is up to date.
[Modules] Checking for module updates at https://discordapp.com/api/modules/stable/versions.json
[Modules] No module updates available.
[Modules] Modules initializing
[Modules] Distribution: remote
[Modules] Host updates: enabled
[Modules] Module updates: enabled
[Modules] Module install path: /home/dbqeo/.config/discord/0.0.5/modules
[Modules] Module installed file path: /home/dbqeo/.config/discord/0.0.5/modules/installed.json
[Modules] Module download path: /home/dbqeo/.config/discord/0.0.5/modules/pending
[Modules] No updates to install
[Modules] Checking for host updates.
[Modules] Host is up to date.
[Modules] Checking for module updates at https://discordapp.com/api/modules/stable/versions.json
[Modules] No module updates available.
