[2018-07-13 04:20:43.081] [exthost1] [info] extension host started
[2018-07-13 04:20:43.127] [exthost1] [info] ExtensionService#_doActivateExtension vscode.emmet {"startup":true,"activationEvent":"*"}
[2018-07-13 04:20:43.127] [exthost1] [info] ExtensionService#loadCommonJSModule /usr/share/code-oss/resources/app/extensions/emmet/out/extension
[2018-07-13 04:20:43.233] [exthost1] [info] ExtensionService#_doActivateExtension vscode.git {"startup":true,"activationEvent":"*"}
[2018-07-13 04:20:43.233] [exthost1] [info] ExtensionService#loadCommonJSModule /usr/share/code-oss/resources/app/extensions/git/out/main
[2018-07-13 04:20:43.508] [exthost1] [info] ExtensionService#_doActivateExtension vscode.merge-conflict {"startup":true,"activationEvent":"*"}
[2018-07-13 04:20:43.508] [exthost1] [info] ExtensionService#loadCommonJSModule /usr/share/code-oss/resources/app/extensions/merge-conflict/out/extension
[2018-07-13 04:20:43.527] [exthost1] [info] ExtensionService#_doActivateExtension vscode.search-rg {"startup":true,"activationEvent":"*"}
[2018-07-13 04:20:43.527] [exthost1] [info] ExtensionService#loadCommonJSModule /usr/share/code-oss/resources/app/extensions/search-rg/out/extension
[2018-07-13 04:20:43.539] [exthost1] [info] ExtensionService#_doActivateExtension alexiv.vscode-angular2-files {"startup":true,"activationEvent":"*"}
[2018-07-13 04:20:43.539] [exthost1] [info] ExtensionService#loadCommonJSModule /home/dbqeo/.vscode-oss/extensions/alexiv.vscode-angular2-files-1.6.1/out/src/extension
[2018-07-13 04:20:43.564] [exthost1] [info] ExtensionService#_doActivateExtension christian-kohler.path-intellisense {"startup":true,"activationEvent":"*"}
[2018-07-13 04:20:43.564] [exthost1] [info] ExtensionService#loadCommonJSModule /home/dbqeo/.vscode-oss/extensions/christian-kohler.path-intellisense-1.4.2/out/src/extension
[2018-07-13 04:20:43.581] [exthost1] [info] ExtensionService#_doActivateExtension CoenraadS.bracket-pair-colorizer {"startup":true,"activationEvent":"*"}
[2018-07-13 04:20:43.581] [exthost1] [info] ExtensionService#loadCommonJSModule /home/dbqeo/.vscode-oss/extensions/coenraads.bracket-pair-colorizer-1.0.59/out/src/extension
[2018-07-13 04:20:43.604] [exthost1] [info] ExtensionService#_doActivateExtension dbaeumer.vscode-eslint {"startup":true,"activationEvent":"*"}
[2018-07-13 04:20:43.604] [exthost1] [info] ExtensionService#loadCommonJSModule /home/dbqeo/.vscode-oss/extensions/dbaeumer.vscode-eslint-1.4.12/client/out/extension
[2018-07-13 04:20:43.701] [exthost1] [info] ExtensionService#_doActivateExtension ms-vscode.atom-keybindings {"startup":true,"activationEvent":"*"}
[2018-07-13 04:20:43.701] [exthost1] [info] ExtensionService#loadCommonJSModule /home/dbqeo/.vscode-oss/extensions/ms-vscode.atom-keybindings-3.0.4/extension
[2018-07-13 04:20:43.702] [exthost1] [info] ExtensionService#_doActivateExtension ms-vsliveshare.vsliveshare {"startup":true,"activationEvent":"*"}
[2018-07-13 04:20:43.702] [exthost1] [info] ExtensionService#loadCommonJSModule /home/dbqeo/.vscode-oss/extensions/ms-vsliveshare.vsliveshare-0.3.395/out/src/extension
[2018-07-13 04:20:44.605] [exthost1] [info] ExtensionService#_doActivateExtension PKief.material-icon-theme {"startup":true,"activationEvent":"*"}
[2018-07-13 04:20:44.605] [exthost1] [info] ExtensionService#loadCommonJSModule /home/dbqeo/.vscode-oss/extensions/pkief.material-icon-theme-3.5.1/out/src/extension
[2018-07-13 04:20:44.676] [exthost1] [info] ExtensionService#_doActivateExtension Zignd.html-css-class-completion {"startup":true,"activationEvent":"*"}
[2018-07-13 04:20:44.676] [exthost1] [info] ExtensionService#loadCommonJSModule /home/dbqeo/.vscode-oss/extensions/zignd.html-css-class-completion-1.17.1/out/src/extension
[2018-07-13 04:20:45.332] [exthost1] [info] eager extensions activated
[2018-07-13 04:21:27.011] [exthost1] [info] extension host started
[2018-07-13 04:21:27.057] [exthost1] [info] ExtensionService#_doActivateExtension vscode.emmet {"startup":true,"activationEvent":"*"}
[2018-07-13 04:21:27.057] [exthost1] [info] ExtensionService#loadCommonJSModule /usr/share/code-oss/resources/app/extensions/emmet/out/extension
[2018-07-13 04:21:27.147] [exthost1] [info] ExtensionService#_doActivateExtension vscode.git {"startup":true,"activationEvent":"*"}
[2018-07-13 04:21:27.147] [exthost1] [info] ExtensionService#loadCommonJSModule /usr/share/code-oss/resources/app/extensions/git/out/main
[2018-07-13 04:21:27.388] [exthost1] [info] ExtensionService#_doActivateExtension vscode.merge-conflict {"startup":true,"activationEvent":"*"}
[2018-07-13 04:21:27.388] [exthost1] [info] ExtensionService#loadCommonJSModule /usr/share/code-oss/resources/app/extensions/merge-conflict/out/extension
[2018-07-13 04:21:27.406] [exthost1] [info] ExtensionService#_doActivateExtension vscode.search-rg {"startup":true,"activationEvent":"*"}
[2018-07-13 04:21:27.406] [exthost1] [info] ExtensionService#loadCommonJSModule /usr/share/code-oss/resources/app/extensions/search-rg/out/extension
[2018-07-13 04:21:27.415] [exthost1] [info] ExtensionService#_doActivateExtension alexiv.vscode-angular2-files {"startup":true,"activationEvent":"*"}
[2018-07-13 04:21:27.415] [exthost1] [info] ExtensionService#loadCommonJSModule /home/dbqeo/.vscode-oss/extensions/alexiv.vscode-angular2-files-1.6.1/out/src/extension
[2018-07-13 04:21:27.436] [exthost1] [info] ExtensionService#_doActivateExtension christian-kohler.path-intellisense {"startup":true,"activationEvent":"*"}
[2018-07-13 04:21:27.436] [exthost1] [info] ExtensionService#loadCommonJSModule /home/dbqeo/.vscode-oss/extensions/christian-kohler.path-intellisense-1.4.2/out/src/extension
[2018-07-13 04:21:27.450] [exthost1] [info] ExtensionService#_doActivateExtension CoenraadS.bracket-pair-colorizer {"startup":true,"activationEvent":"*"}
[2018-07-13 04:21:27.450] [exthost1] [info] ExtensionService#loadCommonJSModule /home/dbqeo/.vscode-oss/extensions/coenraads.bracket-pair-colorizer-1.0.59/out/src/extension
[2018-07-13 04:21:27.469] [exthost1] [info] ExtensionService#_doActivateExtension dbaeumer.vscode-eslint {"startup":true,"activationEvent":"*"}
[2018-07-13 04:21:27.469] [exthost1] [info] ExtensionService#loadCommonJSModule /home/dbqeo/.vscode-oss/extensions/dbaeumer.vscode-eslint-1.4.12/client/out/extension
[2018-07-13 04:21:27.557] [exthost1] [info] ExtensionService#_doActivateExtension ms-vscode.atom-keybindings {"startup":true,"activationEvent":"*"}
[2018-07-13 04:21:27.557] [exthost1] [info] ExtensionService#loadCommonJSModule /home/dbqeo/.vscode-oss/extensions/ms-vscode.atom-keybindings-3.0.4/extension
[2018-07-13 04:21:27.558] [exthost1] [info] ExtensionService#_doActivateExtension ms-vsliveshare.vsliveshare {"startup":true,"activationEvent":"*"}
[2018-07-13 04:21:27.558] [exthost1] [info] ExtensionService#loadCommonJSModule /home/dbqeo/.vscode-oss/extensions/ms-vsliveshare.vsliveshare-0.3.395/out/src/extension
[2018-07-13 04:21:28.272] [exthost1] [info] ExtensionService#_doActivateExtension PKief.material-icon-theme {"startup":true,"activationEvent":"*"}
[2018-07-13 04:21:28.272] [exthost1] [info] ExtensionService#loadCommonJSModule /home/dbqeo/.vscode-oss/extensions/pkief.material-icon-theme-3.5.1/out/src/extension
[2018-07-13 04:21:28.323] [exthost1] [info] ExtensionService#_doActivateExtension Zignd.html-css-class-completion {"startup":true,"activationEvent":"*"}
[2018-07-13 04:21:28.323] [exthost1] [info] ExtensionService#loadCommonJSModule /home/dbqeo/.vscode-oss/extensions/zignd.html-css-class-completion-1.17.1/out/src/extension
[2018-07-13 04:21:32.434] [exthost1] [info] eager extensions activated
