[2018-07-12 06:36:20.468] [exthost1] [info] extension host started
[2018-07-12 06:36:20.486] [exthost1] [info] ExtensionService#_doActivateExtension vscode.emmet {"startup":true,"activationEvent":"*"}
[2018-07-12 06:36:20.486] [exthost1] [info] ExtensionService#loadCommonJSModule /usr/share/code-oss/resources/app/extensions/emmet/out/extension
[2018-07-12 06:36:20.542] [exthost1] [info] ExtensionService#_doActivateExtension vscode.git {"startup":true,"activationEvent":"*"}
[2018-07-12 06:36:20.542] [exthost1] [info] ExtensionService#loadCommonJSModule /usr/share/code-oss/resources/app/extensions/git/out/main
[2018-07-12 06:36:20.717] [exthost1] [info] ExtensionService#_doActivateExtension vscode.merge-conflict {"startup":true,"activationEvent":"*"}
[2018-07-12 06:36:20.717] [exthost1] [info] ExtensionService#loadCommonJSModule /usr/share/code-oss/resources/app/extensions/merge-conflict/out/extension
[2018-07-12 06:36:20.731] [exthost1] [info] ExtensionService#_doActivateExtension vscode.search-rg {"startup":true,"activationEvent":"*"}
[2018-07-12 06:36:20.731] [exthost1] [info] ExtensionService#loadCommonJSModule /usr/share/code-oss/resources/app/extensions/search-rg/out/extension
[2018-07-12 06:36:20.739] [exthost1] [info] eager extensions activated
[2018-07-12 07:12:19.583] [exthost1] [info] extension host started
[2018-07-12 07:12:19.609] [exthost1] [info] ExtensionService#_doActivateExtension vscode.emmet {"startup":true,"activationEvent":"*"}
[2018-07-12 07:12:19.609] [exthost1] [info] ExtensionService#loadCommonJSModule /usr/share/code-oss/resources/app/extensions/emmet/out/extension
[2018-07-12 07:12:19.660] [exthost1] [info] ExtensionService#_doActivateExtension vscode.git {"startup":true,"activationEvent":"*"}
[2018-07-12 07:12:19.660] [exthost1] [info] ExtensionService#loadCommonJSModule /usr/share/code-oss/resources/app/extensions/git/out/main
[2018-07-12 07:12:19.790] [exthost1] [info] ExtensionService#_doActivateExtension vscode.merge-conflict {"startup":true,"activationEvent":"*"}
[2018-07-12 07:12:19.790] [exthost1] [info] ExtensionService#loadCommonJSModule /usr/share/code-oss/resources/app/extensions/merge-conflict/out/extension
[2018-07-12 07:12:19.798] [exthost1] [info] ExtensionService#_doActivateExtension vscode.search-rg {"startup":true,"activationEvent":"*"}
[2018-07-12 07:12:19.798] [exthost1] [info] ExtensionService#loadCommonJSModule /usr/share/code-oss/resources/app/extensions/search-rg/out/extension
[2018-07-12 07:12:19.803] [exthost1] [info] ExtensionService#_doActivateExtension alexiv.vscode-angular2-files {"startup":true,"activationEvent":"*"}
[2018-07-12 07:12:19.803] [exthost1] [info] ExtensionService#loadCommonJSModule /home/dbqeo/.vscode-oss/extensions/alexiv.vscode-angular2-files-1.6.1/out/src/extension
[2018-07-12 07:12:19.817] [exthost1] [info] ExtensionService#_doActivateExtension christian-kohler.path-intellisense {"startup":true,"activationEvent":"*"}
[2018-07-12 07:12:19.817] [exthost1] [info] ExtensionService#loadCommonJSModule /home/dbqeo/.vscode-oss/extensions/christian-kohler.path-intellisense-1.4.2/out/src/extension
[2018-07-12 07:12:19.826] [exthost1] [info] ExtensionService#_doActivateExtension CoenraadS.bracket-pair-colorizer {"startup":true,"activationEvent":"*"}
[2018-07-12 07:12:19.826] [exthost1] [info] ExtensionService#loadCommonJSModule /home/dbqeo/.vscode-oss/extensions/coenraads.bracket-pair-colorizer-1.0.59/out/src/extension
[2018-07-12 07:12:19.840] [exthost1] [info] ExtensionService#_doActivateExtension dbaeumer.vscode-eslint {"startup":true,"activationEvent":"*"}
[2018-07-12 07:12:19.840] [exthost1] [info] ExtensionService#loadCommonJSModule /home/dbqeo/.vscode-oss/extensions/dbaeumer.vscode-eslint-1.4.12/client/out/extension
[2018-07-12 07:12:19.895] [exthost1] [info] ExtensionService#_doActivateExtension ms-vscode.atom-keybindings {"startup":true,"activationEvent":"*"}
[2018-07-12 07:12:19.895] [exthost1] [info] ExtensionService#loadCommonJSModule /home/dbqeo/.vscode-oss/extensions/ms-vscode.atom-keybindings-3.0.4/extension
[2018-07-12 07:12:19.896] [exthost1] [info] ExtensionService#_doActivateExtension ms-vsliveshare.vsliveshare {"startup":true,"activationEvent":"*"}
[2018-07-12 07:12:19.896] [exthost1] [info] ExtensionService#loadCommonJSModule /home/dbqeo/.vscode-oss/extensions/ms-vsliveshare.vsliveshare-0.3.395/out/src/extension
[2018-07-12 07:12:20.335] [exthost1] [info] ExtensionService#_doActivateExtension PKief.material-icon-theme {"startup":true,"activationEvent":"*"}
[2018-07-12 07:12:20.335] [exthost1] [info] ExtensionService#loadCommonJSModule /home/dbqeo/.vscode-oss/extensions/pkief.material-icon-theme-3.5.1/out/src/extension
[2018-07-12 07:12:20.366] [exthost1] [info] ExtensionService#_doActivateExtension Zignd.html-css-class-completion {"startup":true,"activationEvent":"*"}
[2018-07-12 07:12:20.366] [exthost1] [info] ExtensionService#loadCommonJSModule /home/dbqeo/.vscode-oss/extensions/zignd.html-css-class-completion-1.17.1/out/src/extension
[2018-07-12 07:12:20.619] [exthost1] [info] eager extensions activated
[2018-07-12 07:12:27.143] [exthost1] [info] ExtensionService#_doActivateExtension vscode.configuration-editing {"startup":false,"activationEvent":"onLanguage:jsonc"}
[2018-07-12 07:12:27.143] [exthost1] [info] ExtensionService#loadCommonJSModule /usr/share/code-oss/resources/app/extensions/configuration-editing/out/extension
[2018-07-12 07:12:27.158] [exthost1] [info] ExtensionService#_doActivateExtension vscode.json-language-features {"startup":false,"activationEvent":"onLanguage:jsonc"}
[2018-07-12 07:12:27.158] [exthost1] [info] ExtensionService#loadCommonJSModule /usr/share/code-oss/resources/app/extensions/json-language-features/client/out/jsonMain
