[2018-07-12 06:36:22.411] [sharedprocess] [info] main {"machineId":"4794dc541fa8b9e582f4cf35ded887bd0a226a2e396ea96350e46e132af28b39"}
[2018-07-12 06:36:22.446] [sharedprocess] [info] Scanned user extensions: 0
[2018-07-12 06:36:22.456] [sharedprocess] [info] Scanned user extensions: 0
[2018-07-12 06:36:22.461] [sharedprocess] [info] Scanned user extensions: 0
[2018-07-12 06:36:22.464] [sharedprocess] [info] Scanned user extensions: 0
[2018-07-12 06:36:22.477] [sharedprocess] [info] Scanned user extensions: 0
[2018-07-12 06:36:22.534] [sharedprocess] [info] Scanned system extensions: 70
[2018-07-12 06:36:22.537] [sharedprocess] [info] Scanned system extensions: 70
[2018-07-12 06:36:22.538] [sharedprocess] [info] Scanned system extensions: 70
[2018-07-12 06:36:22.540] [sharedprocess] [info] Scanned system extensions: 70
[2018-07-12 06:36:23.034] [sharedprocess] [info] Scanned user extensions: 0
[2018-07-12 06:36:26.957] [sharedprocess] [info] Scanned user extensions: 0
[2018-07-12 06:36:26.959] [sharedprocess] [info] Scanned user extensions: 0
[2018-07-12 06:36:26.960] [sharedprocess] [info] Scanned user extensions: 0
[2018-07-12 06:36:26.999] [sharedprocess] [info] Scanned user extensions: 0
[2018-07-12 06:36:27.039] [sharedprocess] [info] Scanned system extensions: 70
[2018-07-12 06:36:27.041] [sharedprocess] [info] Scanned system extensions: 70
[2018-07-12 06:36:27.051] [sharedprocess] [info] Scanned system extensions: 70
[2018-07-12 06:37:02.414] [sharedprocess] [info] Starting to clean up unused language packs.
[2018-07-12 06:41:23.053] [sharedprocess] [info] Scanned user extensions: 0
[2018-07-12 06:46:23.056] [sharedprocess] [info] Scanned user extensions: 0
[2018-07-12 06:51:23.059] [sharedprocess] [info] Scanned user extensions: 0
[2018-07-12 06:56:23.062] [sharedprocess] [info] Scanned user extensions: 0
[2018-07-12 07:01:23.067] [sharedprocess] [info] Scanned user extensions: 0
[2018-07-12 07:06:23.071] [sharedprocess] [info] Scanned user extensions: 0
[2018-07-12 07:09:56.913] [sharedprocess] [info] Scanned user extensions: 0
[2018-07-12 07:09:56.913] [sharedprocess] [info] Scanned user extensions: 0
[2018-07-12 07:09:56.914] [sharedprocess] [info] Installing the extension: bananiumlabs.bananium-plugin-pack-1.1.0
[2018-07-12 07:09:57.137] [sharedprocess] [info] Scanned user extensions: 0
[2018-07-12 07:09:57.182] [sharedprocess] [info] Scanned system extensions: 70
[2018-07-12 07:09:57.201] [sharedprocess] [info] Extracted extension to /home/dbqeo/.vscode-oss/extensions/.bananiumlabs.bananium-plugin-pack-1.1.0: bananiumlabs.bananium-plugin-pack-1.1.0
[2018-07-12 07:09:57.201] [sharedprocess] [info] Renamed to /home/dbqeo/.vscode-oss/extensions/bananiumlabs.bananium-plugin-pack-1.1.0
[2018-07-12 07:09:57.201] [sharedprocess] [info] Installation completed. bananiumlabs.bananium-plugin-pack-1.1.0
[2018-07-12 07:09:57.204] [sharedprocess] [info] Scanned user extensions: 1
[2018-07-12 07:09:57.229] [sharedprocess] [info] Scanned system extensions: 70
[2018-07-12 07:09:57.744] [sharedprocess] [info] Downloaded extension: vscode-npm-script
[2018-07-12 07:09:57.810] [sharedprocess] [info] Extracted extension to /home/dbqeo/.vscode-oss/extensions/.eg2.vscode-npm-script-0.3.5: eg2.vscode-npm-script-0.3.5
[2018-07-12 07:09:57.811] [sharedprocess] [info] Renamed to /home/dbqeo/.vscode-oss/extensions/eg2.vscode-npm-script-0.3.5
[2018-07-12 07:09:57.811] [sharedprocess] [info] Installation completed. eg2.vscode-npm-script-0.3.5
[2018-07-12 07:09:57.858] [sharedprocess] [info] Downloaded extension: atom-keybindings
[2018-07-12 07:09:57.858] [sharedprocess] [info] Downloaded extension: JavaScriptSnippets
[2018-07-12 07:09:57.872] [sharedprocess] [info] Extracted extension to /home/dbqeo/.vscode-oss/extensions/.xabikos.javascriptsnippets-1.7.0: xabikos.javascriptsnippets-1.7.0
[2018-07-12 07:09:57.872] [sharedprocess] [info] Renamed to /home/dbqeo/.vscode-oss/extensions/xabikos.javascriptsnippets-1.7.0
[2018-07-12 07:09:57.872] [sharedprocess] [info] Installation completed. xabikos.javascriptsnippets-1.7.0
[2018-07-12 07:09:57.888] [sharedprocess] [info] Extracted extension to /home/dbqeo/.vscode-oss/extensions/.ms-vscode.atom-keybindings-3.0.4: ms-vscode.atom-keybindings-3.0.4
[2018-07-12 07:09:57.888] [sharedprocess] [info] Renamed to /home/dbqeo/.vscode-oss/extensions/ms-vscode.atom-keybindings-3.0.4
[2018-07-12 07:09:57.888] [sharedprocess] [info] Installation completed. ms-vscode.atom-keybindings-3.0.4
[2018-07-12 07:09:58.003] [sharedprocess] [info] Downloaded extension: material-icon-theme
[2018-07-12 07:09:58.030] [sharedprocess] [info] Downloaded extension: bracket-pair-colorizer
[2018-07-12 07:09:58.200] [sharedprocess] [info] Downloaded extension: csharpfixformat
[2018-07-12 07:09:58.232] [sharedprocess] [info] Extracted extension to /home/dbqeo/.vscode-oss/extensions/.leopotam.csharpfixformat-0.0.72: leopotam.csharpfixformat-0.0.72
[2018-07-12 07:09:58.233] [sharedprocess] [info] Renamed to /home/dbqeo/.vscode-oss/extensions/leopotam.csharpfixformat-0.0.72
[2018-07-12 07:09:58.233] [sharedprocess] [info] Installation completed. leopotam.csharpfixformat-0.0.72
[2018-07-12 07:09:58.303] [sharedprocess] [info] Downloaded extension: path-intellisense
[2018-07-12 07:09:58.305] [sharedprocess] [info] Downloaded extension: vscode-eslint
[2018-07-12 07:09:58.336] [sharedprocess] [info] Downloaded extension: search-node-modules
[2018-07-12 07:09:58.361] [sharedprocess] [info] Downloaded extension: angular2-inline
[2018-07-12 07:09:58.390] [sharedprocess] [info] Extracted extension to /home/dbqeo/.vscode-oss/extensions/.jasonnutter.search-node-modules-1.3.0: jasonnutter.search-node-modules-1.3.0
[2018-07-12 07:09:58.391] [sharedprocess] [info] Renamed to /home/dbqeo/.vscode-oss/extensions/jasonnutter.search-node-modules-1.3.0
[2018-07-12 07:09:58.391] [sharedprocess] [info] Installation completed. jasonnutter.search-node-modules-1.3.0
[2018-07-12 07:09:58.404] [sharedprocess] [info] Extracted extension to /home/dbqeo/.vscode-oss/extensions/.christian-kohler.path-intellisense-1.4.2: christian-kohler.path-intellisense-1.4.2
[2018-07-12 07:09:58.404] [sharedprocess] [info] Renamed to /home/dbqeo/.vscode-oss/extensions/christian-kohler.path-intellisense-1.4.2
[2018-07-12 07:09:58.404] [sharedprocess] [info] Installation completed. christian-kohler.path-intellisense-1.4.2
[2018-07-12 07:09:58.424] [sharedprocess] [info] Extracted extension to /home/dbqeo/.vscode-oss/extensions/.natewallace.angular2-inline-0.0.17: natewallace.angular2-inline-0.0.17
[2018-07-12 07:09:58.424] [sharedprocess] [info] Renamed to /home/dbqeo/.vscode-oss/extensions/natewallace.angular2-inline-0.0.17
[2018-07-12 07:09:58.424] [sharedprocess] [info] Installation completed. natewallace.angular2-inline-0.0.17
[2018-07-12 07:09:58.471] [sharedprocess] [info] Downloaded extension: vscode-maven
[2018-07-12 07:09:58.650] [sharedprocess] [info] Extracted extension to /home/dbqeo/.vscode-oss/extensions/.dbaeumer.vscode-eslint-1.4.12: dbaeumer.vscode-eslint-1.4.12
[2018-07-12 07:09:58.650] [sharedprocess] [info] Renamed to /home/dbqeo/.vscode-oss/extensions/dbaeumer.vscode-eslint-1.4.12
[2018-07-12 07:09:58.650] [sharedprocess] [info] Installation completed. dbaeumer.vscode-eslint-1.4.12
[2018-07-12 07:09:58.671] [sharedprocess] [info] Downloaded extension: vscode-angular2-files
[2018-07-12 07:09:58.812] [sharedprocess] [info] Extracted extension to /home/dbqeo/.vscode-oss/extensions/.coenraads.bracket-pair-colorizer-1.0.59: coenraads.bracket-pair-colorizer-1.0.59
[2018-07-12 07:09:58.812] [sharedprocess] [info] Renamed to /home/dbqeo/.vscode-oss/extensions/coenraads.bracket-pair-colorizer-1.0.59
[2018-07-12 07:09:58.812] [sharedprocess] [info] Installation completed. coenraads.bracket-pair-colorizer-1.0.59
[2018-07-12 07:09:58.813] [sharedprocess] [info] Extracted extension to /home/dbqeo/.vscode-oss/extensions/.alexiv.vscode-angular2-files-1.6.1: alexiv.vscode-angular2-files-1.6.1
[2018-07-12 07:09:58.813] [sharedprocess] [info] Renamed to /home/dbqeo/.vscode-oss/extensions/alexiv.vscode-angular2-files-1.6.1
[2018-07-12 07:09:58.813] [sharedprocess] [info] Installation completed. alexiv.vscode-angular2-files-1.6.1
[2018-07-12 07:09:58.822] [sharedprocess] [info] Extracted extension to /home/dbqeo/.vscode-oss/extensions/.pkief.material-icon-theme-3.5.1: pkief.material-icon-theme-3.5.1
[2018-07-12 07:09:58.822] [sharedprocess] [info] Renamed to /home/dbqeo/.vscode-oss/extensions/pkief.material-icon-theme-3.5.1
[2018-07-12 07:09:58.822] [sharedprocess] [info] Installation completed. pkief.material-icon-theme-3.5.1
[2018-07-12 07:09:58.930] [sharedprocess] [info] Extracted extension to /home/dbqeo/.vscode-oss/extensions/.vscjava.vscode-maven-0.9.2: vscjava.vscode-maven-0.9.2
[2018-07-12 07:09:58.930] [sharedprocess] [info] Renamed to /home/dbqeo/.vscode-oss/extensions/vscjava.vscode-maven-0.9.2
[2018-07-12 07:09:58.930] [sharedprocess] [info] Installation completed. vscjava.vscode-maven-0.9.2
[2018-07-12 07:09:58.955] [sharedprocess] [info] Downloaded extension: font-awesome-codes-html
[2018-07-12 07:09:58.967] [sharedprocess] [info] Extracted extension to /home/dbqeo/.vscode-oss/extensions/.medzhidov.font-awesome-codes-html-0.0.7: medzhidov.font-awesome-codes-html-0.0.7
[2018-07-12 07:09:58.967] [sharedprocess] [info] Renamed to /home/dbqeo/.vscode-oss/extensions/medzhidov.font-awesome-codes-html-0.0.7
[2018-07-12 07:09:58.967] [sharedprocess] [info] Installation completed. medzhidov.font-awesome-codes-html-0.0.7
[2018-07-12 07:09:59.309] [sharedprocess] [info] Downloaded extension: vscode-html-css
[2018-07-12 07:09:59.473] [sharedprocess] [info] Downloaded extension: npm-intellisense
[2018-07-12 07:09:59.524] [sharedprocess] [info] Extracted extension to /home/dbqeo/.vscode-oss/extensions/.christian-kohler.npm-intellisense-1.3.0: christian-kohler.npm-intellisense-1.3.0
[2018-07-12 07:09:59.524] [sharedprocess] [info] Renamed to /home/dbqeo/.vscode-oss/extensions/christian-kohler.npm-intellisense-1.3.0
[2018-07-12 07:09:59.524] [sharedprocess] [info] Installation completed. christian-kohler.npm-intellisense-1.3.0
[2018-07-12 07:09:59.664] [sharedprocess] [info] Downloaded extension: tslint
[2018-07-12 07:09:59.797] [sharedprocess] [info] Extracted extension to /home/dbqeo/.vscode-oss/extensions/.ecmel.vscode-html-css-0.2.0: ecmel.vscode-html-css-0.2.0
[2018-07-12 07:09:59.797] [sharedprocess] [info] Renamed to /home/dbqeo/.vscode-oss/extensions/ecmel.vscode-html-css-0.2.0
[2018-07-12 07:09:59.797] [sharedprocess] [info] Installation completed. ecmel.vscode-html-css-0.2.0
[2018-07-12 07:10:00.339] [sharedprocess] [info] Downloaded extension: csharp
[2018-07-12 07:10:01.015] [sharedprocess] [info] Extracted extension to /home/dbqeo/.vscode-oss/extensions/.eg2.tslint-1.0.33: eg2.tslint-1.0.33
[2018-07-12 07:10:01.015] [sharedprocess] [info] Renamed to /home/dbqeo/.vscode-oss/extensions/eg2.tslint-1.0.33
[2018-07-12 07:10:01.015] [sharedprocess] [info] Installation completed. eg2.tslint-1.0.33
[2018-07-12 07:10:02.153] [sharedprocess] [info] Extracted extension to /home/dbqeo/.vscode-oss/extensions/.ms-vscode.csharp-1.15.2: ms-vscode.csharp-1.15.2
[2018-07-12 07:10:02.153] [sharedprocess] [info] Renamed to /home/dbqeo/.vscode-oss/extensions/ms-vscode.csharp-1.15.2
[2018-07-12 07:10:02.153] [sharedprocess] [info] Installation completed. ms-vscode.csharp-1.15.2
[2018-07-12 07:10:02.533] [sharedprocess] [info] Downloaded extension: ng-template
[2018-07-12 07:10:03.003] [sharedprocess] [info] Extracted extension to /home/dbqeo/.vscode-oss/extensions/.angular.ng-template-0.1.9: angular.ng-template-0.1.9
[2018-07-12 07:10:03.004] [sharedprocess] [info] Renamed to /home/dbqeo/.vscode-oss/extensions/angular.ng-template-0.1.9
[2018-07-12 07:10:03.004] [sharedprocess] [info] Installation completed. angular.ng-template-0.1.9
[2018-07-12 07:10:03.485] [sharedprocess] [info] Downloaded extension: html-css-class-completion
[2018-07-12 07:10:05.515] [sharedprocess] [info] Extracted extension to /home/dbqeo/.vscode-oss/extensions/.zignd.html-css-class-completion-1.17.1: zignd.html-css-class-completion-1.17.1
[2018-07-12 07:10:05.515] [sharedprocess] [info] Renamed to /home/dbqeo/.vscode-oss/extensions/zignd.html-css-class-completion-1.17.1
[2018-07-12 07:10:05.515] [sharedprocess] [info] Installation completed. zignd.html-css-class-completion-1.17.1
[2018-07-12 07:10:07.658] [sharedprocess] [info] Downloaded extension: vsliveshare
[2018-07-12 07:10:09.103] [sharedprocess] [info] Downloaded extension: java
[2018-07-12 07:10:09.805] [sharedprocess] [info] Extracted extension to /home/dbqeo/.vscode-oss/extensions/.redhat.java-0.28.0: redhat.java-0.28.0
[2018-07-12 07:10:09.805] [sharedprocess] [info] Renamed to /home/dbqeo/.vscode-oss/extensions/redhat.java-0.28.0
[2018-07-12 07:10:09.805] [sharedprocess] [info] Installation completed. redhat.java-0.28.0
[2018-07-12 07:10:10.132] [sharedprocess] [info] Extracted extension to /home/dbqeo/.vscode-oss/extensions/.ms-vsliveshare.vsliveshare-0.3.395: ms-vsliveshare.vsliveshare-0.3.395
[2018-07-12 07:10:10.132] [sharedprocess] [info] Renamed to /home/dbqeo/.vscode-oss/extensions/ms-vsliveshare.vsliveshare-0.3.395
[2018-07-12 07:10:10.132] [sharedprocess] [info] Installation completed. ms-vsliveshare.vsliveshare-0.3.395
[2018-07-12 07:10:10.140] [sharedprocess] [info] Successfully installed the extension: bananiumlabs.bananium-plugin-pack-1.1.0
[2018-07-12 07:10:10.285] [sharedprocess] [info] Scanned user extensions: 22
[2018-07-12 07:10:10.318] [sharedprocess] [info] Scanned system extensions: 70
[2018-07-12 07:11:23.108] [sharedprocess] [info] Scanned user extensions: 22
[2018-07-12 07:12:19.035] [sharedprocess] [info] Scanned user extensions: 22
[2018-07-12 07:12:19.040] [sharedprocess] [info] Scanned user extensions: 22
[2018-07-12 07:12:19.041] [sharedprocess] [info] Scanned user extensions: 22
[2018-07-12 07:12:19.044] [sharedprocess] [info] Scanned user extensions: 22
[2018-07-12 07:12:19.046] [sharedprocess] [info] Scanned user extensions: 22
[2018-07-12 07:12:19.046] [sharedprocess] [info] Scanned user extensions: 22
[2018-07-12 07:12:19.048] [sharedprocess] [info] Scanned user extensions: 22
[2018-07-12 07:12:19.056] [sharedprocess] [info] Scanned user extensions: 22
[2018-07-12 07:12:19.115] [sharedprocess] [info] Scanned system extensions: 70
[2018-07-12 07:12:19.120] [sharedprocess] [info] Scanned system extensions: 70
[2018-07-12 07:12:19.124] [sharedprocess] [info] Scanned system extensions: 70
[2018-07-12 07:12:19.129] [sharedprocess] [info] Scanned system extensions: 70
[2018-07-12 07:12:19.139] [sharedprocess] [info] Scanned system extensions: 70
[2018-07-12 07:12:19.147] [sharedprocess] [info] Scanned system extensions: 70
[2018-07-12 07:12:22.146] [sharedprocess] [info] Scanned user extensions: 22
